2018-04-23 11:51:21 INFO  Version:37 - HHH000412: Hibernate Core {5.1.0.Final}
2018-04-23 11:51:21 INFO  Environment:213 - HHH000206: hibernate.properties not found
2018-04-23 11:51:21 INFO  Environment:317 - HHH000021: Bytecode provider name : javassist
2018-04-23 11:51:22 INFO  Version:66 - HCANN000001: Hibernate Commons Annotations {5.0.1.Final}
2018-04-23 11:51:23 INFO  Dialect:156 - HHH000400: Using dialect: org.hibernate.dialect.PostgreSQLDialect
2018-04-23 11:51:24 INFO  LobCreatorBuilderImpl:124 - HHH000424: Disabling contextual LOB creation as createClob() method threw error : java.lang.reflect.InvocationTargetException
2018-04-23 11:51:24 INFO  BasicTypeRegistry:138 - HHH000270: Type registration [java.util.UUID] overrides previous : org.hibernate.type.UUIDBinaryType@53dd1fbb
2018-04-23 11:51:25 INFO  Version:30 - HV000001: Hibernate Validator 5.4.1.Final
2018-04-23 11:51:28 INFO  QueryTranslatorFactoryInitiator:47 - HHH000397: Using ASTQueryTranslatorFactory
2018-04-23 12:28:41 INFO  LogHelper:31 - HHH000204: Processing PersistenceUnitInfo [
	name: default
	...]
2018-04-23 12:28:41 INFO  Version:37 - HHH000412: Hibernate Core {5.1.0.Final}
2018-04-23 12:28:41 INFO  Environment:213 - HHH000206: hibernate.properties not found
2018-04-23 12:28:41 INFO  Environment:317 - HHH000021: Bytecode provider name : javassist
2018-04-23 12:28:41 INFO  Version:66 - HCANN000001: Hibernate Commons Annotations {5.0.1.Final}
2018-04-23 12:28:41 INFO  Dialect:156 - HHH000400: Using dialect: org.hibernate.dialect.PostgreSQLDialect
2018-04-23 12:28:41 INFO  LobCreatorBuilderImpl:124 - HHH000424: Disabling contextual LOB creation as createClob() method threw error : java.lang.reflect.InvocationTargetException
2018-04-23 12:28:41 INFO  BasicTypeRegistry:138 - HHH000270: Type registration [java.util.UUID] overrides previous : org.hibernate.type.UUIDBinaryType@4fcacf9f
2018-04-23 12:28:42 INFO  Version:30 - HV000001: Hibernate Validator 5.4.1.Final
2018-04-23 12:28:43 INFO  QueryTranslatorFactoryInitiator:47 - HHH000397: Using ASTQueryTranslatorFactory
2018-04-23 12:28:58 INFO  RootConfig:119 - User Authority : [ROLE_USER, ROLE_ADMIN]
2018-04-23 12:29:39 INFO  RootConfig:119 - User Authority : [ROLE_USER, ROLE_ADMIN]
2018-04-23 12:30:42 INFO  LogHelper:31 - HHH000204: Processing PersistenceUnitInfo [
	name: default
	...]
2018-04-23 12:30:42 INFO  Version:37 - HHH000412: Hibernate Core {5.1.0.Final}
2018-04-23 12:30:42 INFO  Environment:213 - HHH000206: hibernate.properties not found
2018-04-23 12:30:42 INFO  Environment:317 - HHH000021: Bytecode provider name : javassist
2018-04-23 12:30:42 INFO  Version:66 - HCANN000001: Hibernate Commons Annotations {5.0.1.Final}
2018-04-23 12:30:43 INFO  Dialect:156 - HHH000400: Using dialect: org.hibernate.dialect.PostgreSQLDialect
2018-04-23 12:30:43 INFO  LobCreatorBuilderImpl:124 - HHH000424: Disabling contextual LOB creation as createClob() method threw error : java.lang.reflect.InvocationTargetException
2018-04-23 12:30:43 INFO  BasicTypeRegistry:138 - HHH000270: Type registration [java.util.UUID] overrides previous : org.hibernate.type.UUIDBinaryType@22b15cd
2018-04-23 12:30:44 INFO  Version:30 - HV000001: Hibernate Validator 5.4.1.Final
2018-04-23 12:30:45 INFO  QueryTranslatorFactoryInitiator:47 - HHH000397: Using ASTQueryTranslatorFactory
2018-04-23 12:31:03 INFO  RootConfig:119 - User Authority : [ROLE_USER, ROLE_ADMIN]
2018-04-23 12:31:27 INFO  RootConfig:119 - User Authority : [ROLE_USER, ROLE_ADMIN]
2018-04-23 12:32:08 INFO  RootConfig:119 - User Authority : [ROLE_USER, ROLE_ADMIN]
2018-04-23 12:36:29 INFO  LogHelper:31 - HHH000204: Processing PersistenceUnitInfo [
	name: default
	...]
2018-04-23 12:36:29 INFO  Version:37 - HHH000412: Hibernate Core {5.1.0.Final}
2018-04-23 12:36:29 INFO  Environment:213 - HHH000206: hibernate.properties not found
2018-04-23 12:36:29 INFO  Environment:317 - HHH000021: Bytecode provider name : javassist
2018-04-23 12:36:29 INFO  Version:66 - HCANN000001: Hibernate Commons Annotations {5.0.1.Final}
2018-04-23 12:36:29 INFO  Dialect:156 - HHH000400: Using dialect: org.hibernate.dialect.PostgreSQLDialect
2018-04-23 12:36:29 INFO  LobCreatorBuilderImpl:124 - HHH000424: Disabling contextual LOB creation as createClob() method threw error : java.lang.reflect.InvocationTargetException
2018-04-23 12:36:29 INFO  BasicTypeRegistry:138 - HHH000270: Type registration [java.util.UUID] overrides previous : org.hibernate.type.UUIDBinaryType@20c5eceb
2018-04-23 12:36:30 INFO  Version:30 - HV000001: Hibernate Validator 5.4.1.Final
2018-04-23 12:36:31 INFO  QueryTranslatorFactoryInitiator:47 - HHH000397: Using ASTQueryTranslatorFactory
2018-04-23 12:39:05 INFO  LogHelper:31 - HHH000204: Processing PersistenceUnitInfo [
	name: default
	...]
2018-04-23 12:39:05 INFO  Version:37 - HHH000412: Hibernate Core {5.1.0.Final}
2018-04-23 12:39:05 INFO  Environment:213 - HHH000206: hibernate.properties not found
2018-04-23 12:39:05 INFO  Environment:317 - HHH000021: Bytecode provider name : javassist
2018-04-23 12:39:05 INFO  Version:66 - HCANN000001: Hibernate Commons Annotations {5.0.1.Final}
2018-04-23 12:39:06 INFO  Dialect:156 - HHH000400: Using dialect: org.hibernate.dialect.PostgreSQLDialect
2018-04-23 12:39:06 INFO  LobCreatorBuilderImpl:124 - HHH000424: Disabling contextual LOB creation as createClob() method threw error : java.lang.reflect.InvocationTargetException
2018-04-23 12:39:06 INFO  BasicTypeRegistry:138 - HHH000270: Type registration [java.util.UUID] overrides previous : org.hibernate.type.UUIDBinaryType@176850f3
2018-04-23 12:39:06 INFO  Version:30 - HV000001: Hibernate Validator 5.4.1.Final
2018-04-23 12:39:08 INFO  QueryTranslatorFactoryInitiator:47 - HHH000397: Using ASTQueryTranslatorFactory
2018-04-23 12:39:55 INFO  RootConfig:119 - User Authority : [ROLE_USER, ROLE_ADMIN]
2018-04-23 12:40:20 INFO  RootConfig:119 - User Authority : [ROLE_USER, ROLE_ADMIN]
2018-04-23 13:40:11 INFO  LogHelper:31 - HHH000204: Processing PersistenceUnitInfo [
	name: default
	...]
2018-04-23 13:40:12 INFO  Version:37 - HHH000412: Hibernate Core {5.1.0.Final}
2018-04-23 13:40:12 INFO  Environment:213 - HHH000206: hibernate.properties not found
2018-04-23 13:40:12 INFO  Environment:317 - HHH000021: Bytecode provider name : javassist
2018-04-23 13:40:12 INFO  Version:66 - HCANN000001: Hibernate Commons Annotations {5.0.1.Final}
2018-04-23 13:40:14 INFO  Dialect:156 - HHH000400: Using dialect: org.hibernate.dialect.PostgreSQLDialect
2018-04-23 13:40:14 INFO  LobCreatorBuilderImpl:124 - HHH000424: Disabling contextual LOB creation as createClob() method threw error : java.lang.reflect.InvocationTargetException
2018-04-23 13:40:14 INFO  BasicTypeRegistry:138 - HHH000270: Type registration [java.util.UUID] overrides previous : org.hibernate.type.UUIDBinaryType@2ac66c8b
2018-04-23 13:40:16 INFO  Version:30 - HV000001: Hibernate Validator 5.4.1.Final
2018-04-23 13:40:22 INFO  QueryTranslatorFactoryInitiator:47 - HHH000397: Using ASTQueryTranslatorFactory
2018-04-23 13:41:05 INFO  RootConfig:119 - User Authority : [ROLE_USER, ROLE_ADMIN]
2018-04-23 14:27:13 INFO  LogHelper:31 - HHH000204: Processing PersistenceUnitInfo [
	name: default
	...]
2018-04-23 14:27:14 INFO  Version:37 - HHH000412: Hibernate Core {5.1.0.Final}
2018-04-23 14:27:14 INFO  Environment:213 - HHH000206: hibernate.properties not found
2018-04-23 14:27:14 INFO  Environment:317 - HHH000021: Bytecode provider name : javassist
2018-04-23 14:27:14 INFO  Version:66 - HCANN000001: Hibernate Commons Annotations {5.0.1.Final}
2018-04-23 14:27:14 INFO  Dialect:156 - HHH000400: Using dialect: org.hibernate.dialect.PostgreSQLDialect
2018-04-23 14:27:15 INFO  LobCreatorBuilderImpl:124 - HHH000424: Disabling contextual LOB creation as createClob() method threw error : java.lang.reflect.InvocationTargetException
2018-04-23 14:27:15 INFO  BasicTypeRegistry:138 - HHH000270: Type registration [java.util.UUID] overrides previous : org.hibernate.type.UUIDBinaryType@5c6f63c5
2018-04-23 14:27:16 INFO  Version:30 - HV000001: Hibernate Validator 5.4.1.Final
2018-04-23 14:27:19 INFO  QueryTranslatorFactoryInitiator:47 - HHH000397: Using ASTQueryTranslatorFactory
2018-04-23 14:27:44 INFO  RootConfig:119 - User Authority : [ROLE_USER, ROLE_ADMIN]
2018-04-23 14:29:52 INFO  LogHelper:31 - HHH000204: Processing PersistenceUnitInfo [
	name: default
	...]
2018-04-23 14:29:52 INFO  Version:37 - HHH000412: Hibernate Core {5.1.0.Final}
2018-04-23 14:29:52 INFO  Environment:213 - HHH000206: hibernate.properties not found
2018-04-23 14:29:52 INFO  Environment:317 - HHH000021: Bytecode provider name : javassist
2018-04-23 14:29:53 INFO  Version:66 - HCANN000001: Hibernate Commons Annotations {5.0.1.Final}
2018-04-23 14:29:54 INFO  Dialect:156 - HHH000400: Using dialect: org.hibernate.dialect.PostgreSQLDialect
2018-04-23 14:29:54 INFO  LobCreatorBuilderImpl:124 - HHH000424: Disabling contextual LOB creation as createClob() method threw error : java.lang.reflect.InvocationTargetException
2018-04-23 14:29:54 INFO  BasicTypeRegistry:138 - HHH000270: Type registration [java.util.UUID] overrides previous : org.hibernate.type.UUIDBinaryType@12dc5582
2018-04-23 14:29:55 INFO  Version:30 - HV000001: Hibernate Validator 5.4.1.Final
2018-04-23 14:29:58 INFO  QueryTranslatorFactoryInitiator:47 - HHH000397: Using ASTQueryTranslatorFactory
2018-04-23 14:30:36 INFO  RootConfig:119 - User Authority : [ROLE_USER, ROLE_ADMIN]
2018-04-23 14:36:48 INFO  LogHelper:31 - HHH000204: Processing PersistenceUnitInfo [
	name: default
	...]
2018-04-23 14:36:48 INFO  Version:37 - HHH000412: Hibernate Core {5.1.0.Final}
2018-04-23 14:36:48 INFO  Environment:213 - HHH000206: hibernate.properties not found
2018-04-23 14:36:48 INFO  Environment:317 - HHH000021: Bytecode provider name : javassist
2018-04-23 14:36:49 INFO  Version:66 - HCANN000001: Hibernate Commons Annotations {5.0.1.Final}
2018-04-23 14:36:49 INFO  Dialect:156 - HHH000400: Using dialect: org.hibernate.dialect.PostgreSQLDialect
2018-04-23 14:36:50 INFO  LobCreatorBuilderImpl:124 - HHH000424: Disabling contextual LOB creation as createClob() method threw error : java.lang.reflect.InvocationTargetException
2018-04-23 14:36:50 INFO  BasicTypeRegistry:138 - HHH000270: Type registration [java.util.UUID] overrides previous : org.hibernate.type.UUIDBinaryType@68e1e8e6
2018-04-23 14:36:51 INFO  Version:30 - HV000001: Hibernate Validator 5.4.1.Final
2018-04-23 14:36:54 INFO  QueryTranslatorFactoryInitiator:47 - HHH000397: Using ASTQueryTranslatorFactory
2018-04-23 14:37:19 INFO  RootConfig:119 - User Authority : [ROLE_USER, ROLE_ADMIN]
2018-04-23 14:45:25 INFO  RootConfig:119 - User Authority : [ROLE_USER]
2018-04-23 14:46:31 INFO  RootConfig:119 - User Authority : [ROLE_USER, ROLE_ADMIN]
2018-04-23 14:47:06 INFO  RootConfig:119 - User Authority : [ROLE_USER, ROLE_ADMIN]
2018-04-23 14:55:22 INFO  LogHelper:31 - HHH000204: Processing PersistenceUnitInfo [
	name: default
	...]
2018-04-23 14:55:23 INFO  Version:37 - HHH000412: Hibernate Core {5.1.0.Final}
2018-04-23 14:55:23 INFO  Environment:213 - HHH000206: hibernate.properties not found
2018-04-23 14:55:23 INFO  Environment:317 - HHH000021: Bytecode provider name : javassist
2018-04-23 14:55:23 INFO  Version:66 - HCANN000001: Hibernate Commons Annotations {5.0.1.Final}
2018-04-23 14:55:24 INFO  Dialect:156 - HHH000400: Using dialect: org.hibernate.dialect.PostgreSQLDialect
2018-04-23 14:55:24 INFO  LobCreatorBuilderImpl:124 - HHH000424: Disabling contextual LOB creation as createClob() method threw error : java.lang.reflect.InvocationTargetException
2018-04-23 14:55:24 INFO  BasicTypeRegistry:138 - HHH000270: Type registration [java.util.UUID] overrides previous : org.hibernate.type.UUIDBinaryType@51a01a83
2018-04-23 14:55:25 INFO  Version:30 - HV000001: Hibernate Validator 5.4.1.Final
2018-04-23 14:55:29 INFO  QueryTranslatorFactoryInitiator:47 - HHH000397: Using ASTQueryTranslatorFactory
2018-04-23 14:57:55 INFO  LogHelper:31 - HHH000204: Processing PersistenceUnitInfo [
	name: default
	...]
2018-04-23 14:57:55 INFO  Version:37 - HHH000412: Hibernate Core {5.1.0.Final}
2018-04-23 14:57:55 INFO  Environment:213 - HHH000206: hibernate.properties not found
2018-04-23 14:57:55 INFO  Environment:317 - HHH000021: Bytecode provider name : javassist
2018-04-23 14:57:56 INFO  Version:66 - HCANN000001: Hibernate Commons Annotations {5.0.1.Final}
2018-04-23 14:57:56 INFO  Dialect:156 - HHH000400: Using dialect: org.hibernate.dialect.PostgreSQLDialect
2018-04-23 14:57:57 INFO  LobCreatorBuilderImpl:124 - HHH000424: Disabling contextual LOB creation as createClob() method threw error : java.lang.reflect.InvocationTargetException
2018-04-23 14:57:57 INFO  BasicTypeRegistry:138 - HHH000270: Type registration [java.util.UUID] overrides previous : org.hibernate.type.UUIDBinaryType@431f105c
2018-04-23 14:57:58 INFO  Version:30 - HV000001: Hibernate Validator 5.4.1.Final
2018-04-23 14:58:01 INFO  QueryTranslatorFactoryInitiator:47 - HHH000397: Using ASTQueryTranslatorFactory
2018-04-23 14:58:47 INFO  RootConfig:119 - User Authority : [ROLE_USER, ROLE_ADMIN]
2018-04-23 15:01:20 INFO  LogHelper:31 - HHH000204: Processing PersistenceUnitInfo [
	name: default
	...]
2018-04-23 15:01:20 INFO  Version:37 - HHH000412: Hibernate Core {5.1.0.Final}
2018-04-23 15:01:20 INFO  Environment:213 - HHH000206: hibernate.properties not found
2018-04-23 15:01:20 INFO  Environment:317 - HHH000021: Bytecode provider name : javassist
2018-04-23 15:01:21 INFO  Version:66 - HCANN000001: Hibernate Commons Annotations {5.0.1.Final}
2018-04-23 15:01:21 INFO  Dialect:156 - HHH000400: Using dialect: org.hibernate.dialect.PostgreSQLDialect
2018-04-23 15:01:22 INFO  LobCreatorBuilderImpl:124 - HHH000424: Disabling contextual LOB creation as createClob() method threw error : java.lang.reflect.InvocationTargetException
2018-04-23 15:01:22 INFO  BasicTypeRegistry:138 - HHH000270: Type registration [java.util.UUID] overrides previous : org.hibernate.type.UUIDBinaryType@f4a67f1
2018-04-23 15:01:23 INFO  Version:30 - HV000001: Hibernate Validator 5.4.1.Final
2018-04-23 15:01:26 INFO  QueryTranslatorFactoryInitiator:47 - HHH000397: Using ASTQueryTranslatorFactory
2018-04-23 15:02:53 INFO  LogHelper:31 - HHH000204: Processing PersistenceUnitInfo [
	name: default
	...]
2018-04-23 15:02:53 INFO  Version:37 - HHH000412: Hibernate Core {5.1.0.Final}
2018-04-23 15:02:53 INFO  Environment:213 - HHH000206: hibernate.properties not found
2018-04-23 15:02:53 INFO  Environment:317 - HHH000021: Bytecode provider name : javassist
2018-04-23 15:02:53 INFO  Version:66 - HCANN000001: Hibernate Commons Annotations {5.0.1.Final}
2018-04-23 15:02:54 INFO  Dialect:156 - HHH000400: Using dialect: org.hibernate.dialect.PostgreSQLDialect
2018-04-23 15:02:55 INFO  LobCreatorBuilderImpl:124 - HHH000424: Disabling contextual LOB creation as createClob() method threw error : java.lang.reflect.InvocationTargetException
2018-04-23 15:02:55 INFO  BasicTypeRegistry:138 - HHH000270: Type registration [java.util.UUID] overrides previous : org.hibernate.type.UUIDBinaryType@434f0e75
2018-04-23 15:02:56 INFO  Version:30 - HV000001: Hibernate Validator 5.4.1.Final
2018-04-23 15:02:59 INFO  QueryTranslatorFactoryInitiator:47 - HHH000397: Using ASTQueryTranslatorFactory
2018-04-23 15:05:40 INFO  LogHelper:31 - HHH000204: Processing PersistenceUnitInfo [
	name: default
	...]
2018-04-23 15:05:41 INFO  Version:37 - HHH000412: Hibernate Core {5.1.0.Final}
2018-04-23 15:05:41 INFO  Environment:213 - HHH000206: hibernate.properties not found
2018-04-23 15:05:41 INFO  Environment:317 - HHH000021: Bytecode provider name : javassist
2018-04-23 15:05:41 INFO  Version:66 - HCANN000001: Hibernate Commons Annotations {5.0.1.Final}
2018-04-23 15:05:42 INFO  Dialect:156 - HHH000400: Using dialect: org.hibernate.dialect.PostgreSQLDialect
2018-04-23 15:05:42 INFO  LobCreatorBuilderImpl:124 - HHH000424: Disabling contextual LOB creation as createClob() method threw error : java.lang.reflect.InvocationTargetException
2018-04-23 15:05:42 INFO  BasicTypeRegistry:138 - HHH000270: Type registration [java.util.UUID] overrides previous : org.hibernate.type.UUIDBinaryType@7d464c21
2018-04-23 15:05:43 INFO  Version:30 - HV000001: Hibernate Validator 5.4.1.Final
2018-04-23 15:05:46 INFO  QueryTranslatorFactoryInitiator:47 - HHH000397: Using ASTQueryTranslatorFactory
2018-04-23 15:07:14 INFO  LogHelper:31 - HHH000204: Processing PersistenceUnitInfo [
	name: default
	...]
2018-04-23 15:07:14 INFO  Version:37 - HHH000412: Hibernate Core {5.1.0.Final}
2018-04-23 15:07:14 INFO  Environment:213 - HHH000206: hibernate.properties not found
2018-04-23 15:07:14 INFO  Environment:317 - HHH000021: Bytecode provider name : javassist
2018-04-23 15:07:14 INFO  Version:66 - HCANN000001: Hibernate Commons Annotations {5.0.1.Final}
2018-04-23 15:07:15 INFO  Dialect:156 - HHH000400: Using dialect: org.hibernate.dialect.PostgreSQLDialect
2018-04-23 15:07:16 INFO  LobCreatorBuilderImpl:124 - HHH000424: Disabling contextual LOB creation as createClob() method threw error : java.lang.reflect.InvocationTargetException
2018-04-23 15:07:16 INFO  BasicTypeRegistry:138 - HHH000270: Type registration [java.util.UUID] overrides previous : org.hibernate.type.UUIDBinaryType@7a3afd05
2018-04-23 15:07:17 INFO  Version:30 - HV000001: Hibernate Validator 5.4.1.Final
2018-04-23 15:07:21 INFO  QueryTranslatorFactoryInitiator:47 - HHH000397: Using ASTQueryTranslatorFactory
2018-04-23 15:09:11 INFO  LogHelper:31 - HHH000204: Processing PersistenceUnitInfo [
	name: default
	...]
2018-04-23 15:09:12 INFO  Version:37 - HHH000412: Hibernate Core {5.1.0.Final}
2018-04-23 15:09:12 INFO  Environment:213 - HHH000206: hibernate.properties not found
2018-04-23 15:09:12 INFO  Environment:317 - HHH000021: Bytecode provider name : javassist
2018-04-23 15:09:12 INFO  Version:66 - HCANN000001: Hibernate Commons Annotations {5.0.1.Final}
2018-04-23 15:09:13 INFO  Dialect:156 - HHH000400: Using dialect: org.hibernate.dialect.PostgreSQLDialect
2018-04-23 15:09:13 INFO  LobCreatorBuilderImpl:124 - HHH000424: Disabling contextual LOB creation as createClob() method threw error : java.lang.reflect.InvocationTargetException
2018-04-23 15:09:13 INFO  BasicTypeRegistry:138 - HHH000270: Type registration [java.util.UUID] overrides previous : org.hibernate.type.UUIDBinaryType@68ccf6e6
2018-04-23 15:09:14 INFO  Version:30 - HV000001: Hibernate Validator 5.4.1.Final
2018-04-23 15:09:17 INFO  QueryTranslatorFactoryInitiator:47 - HHH000397: Using ASTQueryTranslatorFactory
2018-04-23 15:11:36 INFO  LogHelper:31 - HHH000204: Processing PersistenceUnitInfo [
	name: default
	...]
2018-04-23 15:11:37 INFO  Version:37 - HHH000412: Hibernate Core {5.1.0.Final}
2018-04-23 15:11:37 INFO  Environment:213 - HHH000206: hibernate.properties not found
2018-04-23 15:11:37 INFO  Environment:317 - HHH000021: Bytecode provider name : javassist
2018-04-23 15:11:37 INFO  Version:66 - HCANN000001: Hibernate Commons Annotations {5.0.1.Final}
2018-04-23 15:11:38 INFO  Dialect:156 - HHH000400: Using dialect: org.hibernate.dialect.PostgreSQLDialect
2018-04-23 15:11:38 INFO  LobCreatorBuilderImpl:124 - HHH000424: Disabling contextual LOB creation as createClob() method threw error : java.lang.reflect.InvocationTargetException
2018-04-23 15:11:38 INFO  BasicTypeRegistry:138 - HHH000270: Type registration [java.util.UUID] overrides previous : org.hibernate.type.UUIDBinaryType@44c206bd
2018-04-23 15:11:39 INFO  Version:30 - HV000001: Hibernate Validator 5.4.1.Final
2018-04-23 15:11:42 INFO  QueryTranslatorFactoryInitiator:47 - HHH000397: Using ASTQueryTranslatorFactory
2018-04-23 15:16:15 INFO  RootConfig:121 - User Authority : [ROLE_USER, ROLE_ADMIN]
2018-04-24 01:51:19 INFO  LogHelper:31 - HHH000204: Processing PersistenceUnitInfo [
	name: default
	...]
2018-04-24 01:51:19 INFO  Version:37 - HHH000412: Hibernate Core {5.1.0.Final}
2018-04-24 01:51:19 INFO  Environment:213 - HHH000206: hibernate.properties not found
2018-04-24 01:51:19 INFO  Environment:317 - HHH000021: Bytecode provider name : javassist
2018-04-24 01:51:20 INFO  Version:66 - HCANN000001: Hibernate Commons Annotations {5.0.1.Final}
2018-04-24 01:51:21 INFO  Dialect:156 - HHH000400: Using dialect: org.hibernate.dialect.PostgreSQLDialect
2018-04-24 01:51:22 INFO  LobCreatorBuilderImpl:124 - HHH000424: Disabling contextual LOB creation as createClob() method threw error : java.lang.reflect.InvocationTargetException
2018-04-24 01:51:22 INFO  BasicTypeRegistry:138 - HHH000270: Type registration [java.util.UUID] overrides previous : org.hibernate.type.UUIDBinaryType@189a14c
2018-04-24 01:51:24 INFO  Version:30 - HV000001: Hibernate Validator 5.4.1.Final
2018-04-24 01:51:28 INFO  QueryTranslatorFactoryInitiator:47 - HHH000397: Using ASTQueryTranslatorFactory
2018-04-24 02:02:53 INFO  LogHelper:31 - HHH000204: Processing PersistenceUnitInfo [
	name: default
	...]
2018-04-24 02:02:53 INFO  Version:37 - HHH000412: Hibernate Core {5.1.0.Final}
2018-04-24 02:02:53 INFO  Environment:213 - HHH000206: hibernate.properties not found
2018-04-24 02:02:53 INFO  Environment:317 - HHH000021: Bytecode provider name : javassist
2018-04-24 02:02:53 INFO  Version:66 - HCANN000001: Hibernate Commons Annotations {5.0.1.Final}
2018-04-24 02:02:53 INFO  Dialect:156 - HHH000400: Using dialect: org.hibernate.dialect.PostgreSQLDialect
2018-04-24 02:02:54 INFO  LobCreatorBuilderImpl:124 - HHH000424: Disabling contextual LOB creation as createClob() method threw error : java.lang.reflect.InvocationTargetException
2018-04-24 02:02:54 INFO  BasicTypeRegistry:138 - HHH000270: Type registration [java.util.UUID] overrides previous : org.hibernate.type.UUIDBinaryType@6c510c20
2018-04-24 02:02:56 INFO  Version:30 - HV000001: Hibernate Validator 5.4.1.Final
2018-04-24 02:02:58 INFO  QueryTranslatorFactoryInitiator:47 - HHH000397: Using ASTQueryTranslatorFactory
2018-04-24 02:03:25 INFO  RootConfig:122 - User Authority : [ROLE_USER, ROLE_ADMIN]
2018-04-24 02:05:29 INFO  RootConfig:122 - User Authority : [ROLE_USER]
2018-04-24 02:10:02 INFO  RootConfig:122 - User Authority : [ROLE_USER, ROLE_ADMIN]
2018-04-24 02:11:58 INFO  RootConfig:122 - User Authority : [ROLE_USER]
2018-04-24 02:12:46 INFO  RootConfig:122 - User Authority : [ROLE_USER, ROLE_ADMIN]
2018-04-24 02:14:23 INFO  RootConfig:122 - User Authority : [ROLE_USER, ROLE_ADMIN]
2018-04-24 02:15:50 INFO  RootConfig:122 - User Authority : [ROLE_USER, ROLE_ADMIN]
2018-04-24 02:17:27 INFO  RootConfig:122 - User Authority : [ROLE_USER, ROLE_ADMIN]
2018-04-24 02:19:12 INFO  RootConfig:122 - User Authority : [ROLE_USER, ROLE_ADMIN]
2018-04-24 02:20:10 INFO  RootConfig:122 - User Authority : [ROLE_USER, ROLE_ADMIN]
2018-04-24 02:24:28 INFO  LogHelper:31 - HHH000204: Processing PersistenceUnitInfo [
	name: default
	...]
2018-04-24 02:24:28 INFO  Version:37 - HHH000412: Hibernate Core {5.1.0.Final}
2018-04-24 02:24:28 INFO  Environment:213 - HHH000206: hibernate.properties not found
2018-04-24 02:24:28 INFO  Environment:317 - HHH000021: Bytecode provider name : javassist
2018-04-24 02:24:28 INFO  Version:66 - HCANN000001: Hibernate Commons Annotations {5.0.1.Final}
2018-04-24 02:24:28 INFO  Dialect:156 - HHH000400: Using dialect: org.hibernate.dialect.PostgreSQLDialect
2018-04-24 02:24:28 INFO  LobCreatorBuilderImpl:124 - HHH000424: Disabling contextual LOB creation as createClob() method threw error : java.lang.reflect.InvocationTargetException
2018-04-24 02:24:28 INFO  BasicTypeRegistry:138 - HHH000270: Type registration [java.util.UUID] overrides previous : org.hibernate.type.UUIDBinaryType@4bdb2e00
2018-04-24 02:24:29 INFO  Version:30 - HV000001: Hibernate Validator 5.4.1.Final
2018-04-24 02:24:31 INFO  QueryTranslatorFactoryInitiator:47 - HHH000397: Using ASTQueryTranslatorFactory
2018-04-24 02:25:24 INFO  RootConfig:122 - User Authority : [ROLE_USER, ROLE_ADMIN]
